Arguments: 
  C:\Program Files\nodejs\node.exe C:\Users\FVO_MMILLLER\AppData\Roaming\npm\node_modules\yarn\bin\yarn.js install

PATH: 
  C:\Users\FVO_MMILLLER\bin;C:\Program Files\Git\mingw64\bin;C:\Program Files\Git\usr\local\bin;C:\Program Files\Git\usr\bin;C:\Program Files\Git\usr\bin;C:\Program Files\Git\mingw64\bin;C:\Program Files\Git\usr\bin;C:\Users\FVO_MMILLLER\bin;C:\Program Files\Common Files\Oracle\Java\javapath;C:\Python39\Scripts;C:\Python39;C:\WINDOWS\system32;C:\WINDOWS;C:\WINDOWS\System32\Wbem;C:\WINDOWS\System32\WindowsPowerShell\v1.0;C:\WINDOWS\System32\OpenSSH;C:\Program Files\Git\cmd;C:\ProgramData\chocolatey\bin;C:\Users\FVO_MMILLLER\Downloads\mongosh-1.5.0-win32-x64\mongosh-1.5.0-win32-x64\bin;C:\Program Files\nodejs;C:\Program Files\Docker\Docker\resources\bin;C:\ProgramData\DockerDesktop\version-bin;C:\Program Files (x86)\dotnet;C:\Program Files\OpenJDK\openjdk-11.0.16_8\bin;C:\Program Files\Java\jdk-18.0.2\bin;C:\Users\FVO_MMILLLER\AppData\Local\Programs\Python\Python310\Scripts;C:\Users\FVO_MMILLLER\AppData\Local\Programs\Python\Python310;C:\Users\FVO_MMILLLER\AppData\Local\Microsoft\WindowsApps;C:\Users\FVO_MMILLLER\AppData\Local\Programs\Microsoft VS Code\bin;C:\Users\FVO_MMILLLER\AppData\Local\GitHubDesktop\bin;C:\Program Files\JetBrains\PyCharm Community Edition 2022.1.2\bin;C:\Users\FVO_MMILLLER\AppData\Roaming\npm;C:\Users\FVO_MMILLLER\AppData\Local\Android\Sdk\platform-tools;C:\Program Files\Git\usr\bin\vendor_perl;C:\Program Files\Git\usr\bin\core_perl

Yarn version: 
  1.22.17

Node version: 
  16.15.1

Platform: 
  win32 x64

Trace: 
  Error: connect ECONNREFUSED 104.16.19.35:443
      at TCPConnectWrap.afterConnect [as oncomplete] (node:net:1187:16)

npm manifest: 
  {
    "name": "strategy-router",
    "scripts": {
      "test": "hardhat test"
    },
    "devDependencies": {
      "@chainlink/contracts": "^0.4.0",
      "@nomiclabs/hardhat-ethers": "^2.0.0",
      "@nomiclabs/hardhat-etherscan": "^3.0.3",
      "@nomiclabs/hardhat-waffle": "^2.0.0",
      "@openzeppelin/contracts": "^4.5.0",
      "@openzeppelin/hardhat-upgrades": "^1.19.0",
      "@uniswap/v2-core": "^1.0.1",
      "@uniswap/v2-periphery": "^1.1.0-beta.0",
      "chai": "^4.3.6",
      "dotenv": "^16.0.0",
      "ethereum-waffle": "^3.4.4",
      "ethers": "^5.6.4",
      "hardhat": "^2.9.2",
      "hardhat-contract-sizer": "^2.5.1",
      "hardhat-gas-reporter": "^1.0.8",
      "solidity-docgen": "^0.6.0-beta.10",
      "typescript": "^4.5.5"
    },
    "engines": {
      "npm": ">=6.14.0",
      "node": ">=14.15.0"
    },
    "dependencies": {
      "@openzeppelin/contracts-upgradeable": "^4.7.0"
    }
  }

yarn manifest: 
  No manifest

Lockfile: 
  No lockfile
